<?xml version="1.0" encoding="UTF-8"?>
<!-- Generated by org.testng.reporters.JUnitReportReporter -->
<testsuite hostname="1337PC" name="generatedTests.test_20160725224732" tests="1" failures="0" timestamp="25 Jul 2016 20:52:46 GMT" time="2.453" errors="0">
  <testcase name="generatedTest1" time="2.453" classname="generatedTests.test_20160725224732"/>
</testsuite> <!-- generatedTests.test_20160725224732 -->
